<?xml version="1.0" encoding="UTF-8"?>
<testng-results ignored="0" total="12" passed="12" failed="0" skipped="0">
  <reporter-output>
  </reporter-output>
  <suite started-at="2023-09-22T14:44:13 IST" name="Suite" finished-at="2023-09-22T14:45:30 IST" duration-ms="77364">
    <groups>
    </groups>
    <test started-at="2023-09-22T14:44:13 IST" name="Test1" finished-at="2023-09-22T14:44:32 IST" duration-ms="19702">
      <class name="com.obsqura.tests.LoginTest">
        <test-method is-config="true" signature="InitializeDriver(java.lang.String)[pri:0, instance:com.obsqura.tests.LoginTest@74d1dc36]" started-at="2023-09-22T14:44:13 IST" name="InitializeDriver" finished-at="2023-09-22T14:44:25 IST" duration-ms="12426" status="PASS">
          <params>
            <param index="0">
              <value>
                <![CDATA[Chrome]]>
              </value>
            </param>
          </params>
          <reporter-output>
          </reporter-output>
        </test-method> <!-- InitializeDriver -->
        <test-method signature="MyLoginTest()[pri:0, instance:com.obsqura.tests.LoginTest@74d1dc36]" started-at="2023-09-22T14:44:25 IST" name="MyLoginTest" finished-at="2023-09-22T14:44:30 IST" duration-ms="4583" status="PASS">
          <reporter-output>
          </reporter-output>
        </test-method> <!-- MyLoginTest -->
        <test-method is-config="true" signature="TearDown()[pri:0, instance:com.obsqura.tests.LoginTest@74d1dc36]" started-at="2023-09-22T14:44:30 IST" name="TearDown" finished-at="2023-09-22T14:44:32 IST" duration-ms="2525" status="PASS">
          <reporter-output>
          </reporter-output>
        </test-method> <!-- TearDown -->
      </class> <!-- com.obsqura.tests.LoginTest -->
    </test> <!-- Test1 -->
    <test started-at="2023-09-22T14:44:13 IST" name="Test2" finished-at="2023-09-22T14:44:37 IST" duration-ms="23734">
      <class name="com.obsqura.tests.SearchProductTest">
        <test-method is-config="true" signature="InitializeDriver(java.lang.String)[pri:0, instance:com.obsqura.tests.SearchProductTest@247310d0]" started-at="2023-09-22T14:44:13 IST" name="InitializeDriver" finished-at="2023-09-22T14:44:25 IST" duration-ms="11684" status="PASS">
          <params>
            <param index="0">
              <value>
                <![CDATA[Edge]]>
              </value>
            </param>
          </params>
          <reporter-output>
          </reporter-output>
        </test-method> <!-- InitializeDriver -->
        <test-method signature="MySearchProductTest()[pri:0, instance:com.obsqura.tests.SearchProductTest@247310d0]" started-at="2023-09-22T14:44:25 IST" name="MySearchProductTest" finished-at="2023-09-22T14:44:35 IST" duration-ms="10141" status="PASS">
          <reporter-output>
          </reporter-output>
        </test-method> <!-- MySearchProductTest -->
        <test-method is-config="true" signature="TearDown()[pri:0, instance:com.obsqura.tests.SearchProductTest@247310d0]" started-at="2023-09-22T14:44:35 IST" name="TearDown" finished-at="2023-09-22T14:44:37 IST" duration-ms="1762" status="PASS">
          <reporter-output>
          </reporter-output>
        </test-method> <!-- TearDown -->
      </class> <!-- com.obsqura.tests.SearchProductTest -->
    </test> <!-- Test2 -->
    <test started-at="2023-09-22T14:44:13 IST" name="Test4" finished-at="2023-09-22T14:44:39 IST" duration-ms="26268">
      <class name="com.obsqura.tests.CreateDeliveryBoy">
        <test-method is-config="true" signature="InitializeDriver(java.lang.String)[pri:0, instance:com.obsqura.tests.CreateDeliveryBoy@792b749c]" started-at="2023-09-22T14:44:13 IST" name="InitializeDriver" finished-at="2023-09-22T14:44:27 IST" duration-ms="13973" status="PASS">
          <params>
            <param index="0">
              <value>
                <![CDATA[Edge]]>
              </value>
            </param>
          </params>
          <reporter-output>
          </reporter-output>
        </test-method> <!-- InitializeDriver -->
        <test-method signature="CreateDeliveryBoyTest()[pri:0, instance:com.obsqura.tests.CreateDeliveryBoy@792b749c]" started-at="2023-09-22T14:44:27 IST" name="CreateDeliveryBoyTest" finished-at="2023-09-22T14:44:37 IST" duration-ms="10598" status="PASS">
          <reporter-output>
          </reporter-output>
        </test-method> <!-- CreateDeliveryBoyTest -->
        <test-method is-config="true" signature="TearDown()[pri:0, instance:com.obsqura.tests.CreateDeliveryBoy@792b749c]" started-at="2023-09-22T14:44:37 IST" name="TearDown" finished-at="2023-09-22T14:44:39 IST" duration-ms="1562" status="PASS">
          <reporter-output>
          </reporter-output>
        </test-method> <!-- TearDown -->
      </class> <!-- com.obsqura.tests.CreateDeliveryBoy -->
    </test> <!-- Test4 -->
    <test started-at="2023-09-22T14:44:13 IST" name="Test3" finished-at="2023-09-22T14:44:43 IST" duration-ms="30226">
      <class name="com.obsqura.tests.CreateandDeleteExpense">
        <test-method is-config="true" signature="InitializeDriver(java.lang.String)[pri:0, instance:com.obsqura.tests.CreateandDeleteExpense@17fc391b]" started-at="2023-09-22T14:44:13 IST" name="InitializeDriver" finished-at="2023-09-22T14:44:25 IST" duration-ms="12034" status="PASS">
          <params>
            <param index="0">
              <value>
                <![CDATA[Chrome]]>
              </value>
            </param>
          </params>
          <reporter-output>
          </reporter-output>
        </test-method> <!-- InitializeDriver -->
        <test-method signature="MyCreateDeleteExpense()[pri:0, instance:com.obsqura.tests.CreateandDeleteExpense@17fc391b]" started-at="2023-09-22T14:44:25 IST" name="MyCreateDeleteExpense" finished-at="2023-09-22T14:44:41 IST" duration-ms="16517" status="PASS">
          <reporter-output>
          </reporter-output>
        </test-method> <!-- MyCreateDeleteExpense -->
        <test-method is-config="true" signature="TearDown()[pri:0, instance:com.obsqura.tests.CreateandDeleteExpense@17fc391b]" started-at="2023-09-22T14:44:41 IST" name="TearDown" finished-at="2023-09-22T14:44:43 IST" duration-ms="1538" status="PASS">
          <reporter-output>
          </reporter-output>
        </test-method> <!-- TearDown -->
      </class> <!-- com.obsqura.tests.CreateandDeleteExpense -->
    </test> <!-- Test3 -->
    <test started-at="2023-09-22T14:44:37 IST" name="Test6" finished-at="2023-09-22T14:44:58 IST" duration-ms="21075">
      <class name="com.obsqura.tests.NewProductAddTest">
        <test-method is-config="true" signature="InitializeDriver(java.lang.String)[pri:0, instance:com.obsqura.tests.NewProductAddTest@1040be71]" started-at="2023-09-22T14:44:37 IST" name="InitializeDriver" finished-at="2023-09-22T14:44:46 IST" duration-ms="9693" status="PASS">
          <params>
            <param index="0">
              <value>
                <![CDATA[Chrome]]>
              </value>
            </param>
          </params>
          <reporter-output>
          </reporter-output>
        </test-method> <!-- InitializeDriver -->
        <test-method signature="MyNewProductAdd()[pri:0, instance:com.obsqura.tests.NewProductAddTest@1040be71]" started-at="2023-09-22T14:44:46 IST" name="MyNewProductAdd" finished-at="2023-09-22T14:44:50 IST" duration-ms="4100" status="PASS">
          <reporter-output>
          </reporter-output>
        </test-method> <!-- MyNewProductAdd -->
        <test-method is-config="true" signature="TearDown()[pri:0, instance:com.obsqura.tests.NewProductAddTest@1040be71]" started-at="2023-09-22T14:44:50 IST" name="TearDown" finished-at="2023-09-22T14:44:58 IST" duration-ms="7270" status="PASS">
          <reporter-output>
          </reporter-output>
        </test-method> <!-- TearDown -->
      </class> <!-- com.obsqura.tests.NewProductAddTest -->
    </test> <!-- Test6 -->
    <test started-at="2023-09-22T14:44:39 IST" name="Test7" finished-at="2023-09-22T14:45:01 IST" duration-ms="21548">
      <class name="com.obsqura.tests.PushNotificationSaveTest">
        <test-method is-config="true" signature="InitializeDriver(java.lang.String)[pri:0, instance:com.obsqura.tests.PushNotificationSaveTest@533bda92]" started-at="2023-09-22T14:44:39 IST" name="InitializeDriver" finished-at="2023-09-22T14:44:49 IST" duration-ms="10251" status="PASS">
          <params>
            <param index="0">
              <value>
                <![CDATA[Chrome]]>
              </value>
            </param>
          </params>
          <reporter-output>
          </reporter-output>
        </test-method> <!-- InitializeDriver -->
        <test-method signature="MyPushSaveTest()[pri:0, instance:com.obsqura.tests.PushNotificationSaveTest@533bda92]" started-at="2023-09-22T14:44:49 IST" name="MyPushSaveTest" finished-at="2023-09-22T14:44:59 IST" duration-ms="9505" status="PASS">
          <reporter-output>
          </reporter-output>
        </test-method> <!-- MyPushSaveTest -->
        <test-method is-config="true" signature="TearDown()[pri:0, instance:com.obsqura.tests.PushNotificationSaveTest@533bda92]" started-at="2023-09-22T14:44:59 IST" name="TearDown" finished-at="2023-09-22T14:45:01 IST" duration-ms="1786" status="PASS">
          <reporter-output>
          </reporter-output>
        </test-method> <!-- TearDown -->
      </class> <!-- com.obsqura.tests.PushNotificationSaveTest -->
    </test> <!-- Test7 -->
    <test started-at="2023-09-22T14:44:58 IST" name="Test9" finished-at="2023-09-22T14:45:14 IST" duration-ms="15969">
      <class name="com.obsqura.tests.ResetTest">
        <test-method is-config="true" signature="InitializeDriver(java.lang.String)[pri:0, instance:com.obsqura.tests.ResetTest@6f01b95f]" started-at="2023-09-22T14:44:58 IST" name="InitializeDriver" finished-at="2023-09-22T14:45:08 IST" duration-ms="9939" status="PASS">
          <params>
            <param index="0">
              <value>
                <![CDATA[Chrome]]>
              </value>
            </param>
          </params>
          <reporter-output>
          </reporter-output>
        </test-method> <!-- InitializeDriver -->
        <test-method signature="MyReset()[pri:0, instance:com.obsqura.tests.ResetTest@6f01b95f]" started-at="2023-09-22T14:45:08 IST" name="MyReset" finished-at="2023-09-22T14:45:13 IST" duration-ms="5227" status="PASS">
          <reporter-output>
          </reporter-output>
        </test-method> <!-- MyReset -->
        <test-method is-config="true" signature="TearDown()[pri:0, instance:com.obsqura.tests.ResetTest@6f01b95f]" started-at="2023-09-22T14:45:13 IST" name="TearDown" finished-at="2023-09-22T14:45:14 IST" duration-ms="799" status="PASS">
          <reporter-output>
          </reporter-output>
        </test-method> <!-- TearDown -->
      </class> <!-- com.obsqura.tests.ResetTest -->
    </test> <!-- Test9 -->
    <test started-at="2023-09-22T14:44:36 IST" name="Test5" finished-at="2023-09-22T14:45:15 IST" duration-ms="39114">
      <class name="com.obsqura.tests.CreateContact">
        <test-method is-config="true" signature="InitializeDriver(java.lang.String)[pri:0, instance:com.obsqura.tests.CreateContact@302c971f]" started-at="2023-09-22T14:44:36 IST" name="InitializeDriver" finished-at="2023-09-22T14:44:44 IST" duration-ms="7755" status="PASS">
          <params>
            <param index="0">
              <value>
                <![CDATA[Edge]]>
              </value>
            </param>
          </params>
          <reporter-output>
          </reporter-output>
        </test-method> <!-- InitializeDriver -->
        <test-method signature="CreateContactTest()[pri:0, instance:com.obsqura.tests.CreateContact@302c971f]" started-at="2023-09-22T14:44:44 IST" name="CreateContactTest" finished-at="2023-09-22T14:45:12 IST" duration-ms="27737" status="PASS">
          <reporter-output>
          </reporter-output>
        </test-method> <!-- CreateContactTest -->
        <test-method is-config="true" signature="TearDown()[pri:0, instance:com.obsqura.tests.CreateContact@302c971f]" started-at="2023-09-22T14:45:12 IST" name="TearDown" finished-at="2023-09-22T14:45:15 IST" duration-ms="3614" status="PASS">
          <reporter-output>
          </reporter-output>
        </test-method> <!-- TearDown -->
      </class> <!-- com.obsqura.tests.CreateContact -->
    </test> <!-- Test5 -->
    <test started-at="2023-09-22T14:44:43 IST" name="Test8" finished-at="2023-09-22T14:45:26 IST" duration-ms="42730">
      <class name="com.obsqura.tests.CreateContact">
        <test-method is-config="true" signature="InitializeDriver(java.lang.String)[pri:0, instance:com.obsqura.tests.CreateContact@28dcca0c]" started-at="2023-09-22T14:44:43 IST" name="InitializeDriver" finished-at="2023-09-22T14:44:53 IST" duration-ms="9892" status="PASS">
          <params>
            <param index="0">
              <value>
                <![CDATA[Edge]]>
              </value>
            </param>
          </params>
          <reporter-output>
          </reporter-output>
        </test-method> <!-- InitializeDriver -->
        <test-method signature="CreateContactTest()[pri:0, instance:com.obsqura.tests.CreateContact@28dcca0c]" started-at="2023-09-22T14:44:53 IST" name="CreateContactTest" finished-at="2023-09-22T14:45:23 IST" duration-ms="29936" status="PASS">
          <reporter-output>
          </reporter-output>
        </test-method> <!-- CreateContactTest -->
        <test-method is-config="true" signature="TearDown()[pri:0, instance:com.obsqura.tests.CreateContact@28dcca0c]" started-at="2023-09-22T14:45:23 IST" name="TearDown" finished-at="2023-09-22T14:45:26 IST" duration-ms="2895" status="PASS">
          <reporter-output>
          </reporter-output>
        </test-method> <!-- TearDown -->
      </class> <!-- com.obsqura.tests.CreateContact -->
    </test> <!-- Test8 -->
    <test started-at="2023-09-22T14:45:01 IST" name="Test10" finished-at="2023-09-22T14:45:27 IST" duration-ms="26260">
      <class name="com.obsqura.tests.ManageLocationTest">
        <test-method is-config="true" signature="InitializeDriver(java.lang.String)[pri:0, instance:com.obsqura.tests.ManageLocationTest@4201c465]" started-at="2023-09-22T14:45:01 IST" name="InitializeDriver" finished-at="2023-09-22T14:45:12 IST" duration-ms="10784" status="PASS">
          <params>
            <param index="0">
              <value>
                <![CDATA[Chrome]]>
              </value>
            </param>
          </params>
          <reporter-output>
          </reporter-output>
        </test-method> <!-- InitializeDriver -->
        <test-method signature="MyManageLocationTest()[pri:0, instance:com.obsqura.tests.ManageLocationTest@4201c465]" started-at="2023-09-22T14:45:12 IST" name="MyManageLocationTest" finished-at="2023-09-22T14:45:26 IST" duration-ms="14159" status="PASS">
          <reporter-output>
          </reporter-output>
        </test-method> <!-- MyManageLocationTest -->
        <test-method is-config="true" signature="TearDown()[pri:0, instance:com.obsqura.tests.ManageLocationTest@4201c465]" started-at="2023-09-22T14:45:26 IST" name="TearDown" finished-at="2023-09-22T14:45:27 IST" duration-ms="1306" status="PASS">
          <reporter-output>
          </reporter-output>
        </test-method> <!-- TearDown -->
      </class> <!-- com.obsqura.tests.ManageLocationTest -->
    </test> <!-- Test10 -->
    <test started-at="2023-09-22T14:45:14 IST" name="Test11" finished-at="2023-09-22T14:45:30 IST" duration-ms="15935">
      <class name="com.obsqura.tests.ManagePaymentTest">
        <test-method is-config="true" signature="InitializeDriver(java.lang.String)[pri:0, instance:com.obsqura.tests.ManagePaymentTest@4e5ed836]" started-at="2023-09-22T14:45:14 IST" name="InitializeDriver" finished-at="2023-09-22T14:45:22 IST" duration-ms="8354" status="PASS">
          <params>
            <param index="0">
              <value>
                <![CDATA[Chrome]]>
              </value>
            </param>
          </params>
          <reporter-output>
          </reporter-output>
        </test-method> <!-- InitializeDriver -->
        <test-method signature="MyManagePayment()[pri:0, instance:com.obsqura.tests.ManagePaymentTest@4e5ed836]" started-at="2023-09-22T14:45:22 IST" name="MyManagePayment" finished-at="2023-09-22T14:45:29 IST" duration-ms="6980" status="PASS">
          <reporter-output>
          </reporter-output>
        </test-method> <!-- MyManagePayment -->
        <test-method is-config="true" signature="TearDown()[pri:0, instance:com.obsqura.tests.ManagePaymentTest@4e5ed836]" started-at="2023-09-22T14:45:29 IST" name="TearDown" finished-at="2023-09-22T14:45:30 IST" duration-ms="595" status="PASS">
          <reporter-output>
          </reporter-output>
        </test-method> <!-- TearDown -->
      </class> <!-- com.obsqura.tests.ManagePaymentTest -->
    </test> <!-- Test11 -->
    <test started-at="2023-09-22T14:45:15 IST" name="Test12" finished-at="2023-09-22T14:45:30 IST" duration-ms="14676">
      <class name="com.obsqura.tests.MobileSliderTest">
        <test-method is-config="true" signature="InitializeDriver(java.lang.String)[pri:0, instance:com.obsqura.tests.MobileSliderTest@2a8448fa]" started-at="2023-09-22T14:45:15 IST" name="InitializeDriver" finished-at="2023-09-22T14:45:23 IST" duration-ms="7999" status="PASS">
          <params>
            <param index="0">
              <value>
                <![CDATA[Chrome]]>
              </value>
            </param>
          </params>
          <reporter-output>
          </reporter-output>
        </test-method> <!-- InitializeDriver -->
        <test-method signature="MyMobileSlider()[pri:0, instance:com.obsqura.tests.MobileSliderTest@2a8448fa]" started-at="2023-09-22T14:45:23 IST" name="MyMobileSlider" finished-at="2023-09-22T14:45:30 IST" duration-ms="6291" status="PASS">
          <reporter-output>
          </reporter-output>
        </test-method> <!-- MyMobileSlider -->
        <test-method is-config="true" signature="TearDown()[pri:0, instance:com.obsqura.tests.MobileSliderTest@2a8448fa]" started-at="2023-09-22T14:45:30 IST" name="TearDown" finished-at="2023-09-22T14:45:30 IST" duration-ms="381" status="PASS">
          <reporter-output>
          </reporter-output>
        </test-method> <!-- TearDown -->
      </class> <!-- com.obsqura.tests.MobileSliderTest -->
    </test> <!-- Test12 -->
  </suite> <!-- Suite -->
</testng-results>
